<?xml version="1.0" encoding="UTF-8"?>
<testsuite xmlns:xsi="http://www.w3.org/2001/XMLSchema-instance" xsi:noNamespaceSchemaLocation="https://maven.apache.org/surefire/maven-surefire-plugin/xsd/surefire-test-report.xsd" name="com.honghh.bootfirst.BootFirstApplicationTests" time="112.564" tests="1" errors="0" skipped="0" failures="0">
  <properties>
    <property name="sun.desktop" value="windows"/>
    <property name="awt.toolkit" value="sun.awt.windows.WToolkit"/>
    <property name="file.encoding.pkg" value="sun.io"/>
    <property name="java.specification.version" value="1.8"/>
    <property name="sun.cpu.isalist" value="amd64"/>
    <property name="sun.jnu.encoding" value="GBK"/>
    <property name="java.class.path" value="D:\Downloads\study\boot-demo\boot-flowable\target\test-classes;D:\Downloads\study\boot-demo\boot-flowable\target\classes;D:\.m2\repository\org\springframework\boot\spring-boot-starter-web\2.1.3.RELEASE\spring-boot-starter-web-2.1.3.RELEASE.jar;D:\.m2\repository\org\springframework\boot\spring-boot-starter\2.1.3.RELEASE\spring-boot-starter-2.1.3.RELEASE.jar;D:\.m2\repository\org\springframework\boot\spring-boot\2.1.3.RELEASE\spring-boot-2.1.3.RELEASE.jar;D:\.m2\repository\org\springframework\boot\spring-boot-starter-logging\2.1.3.RELEASE\spring-boot-starter-logging-2.1.3.RELEASE.jar;D:\.m2\repository\ch\qos\logback\logback-classic\1.2.3\logback-classic-1.2.3.jar;D:\.m2\repository\ch\qos\logback\logback-core\1.2.3\logback-core-1.2.3.jar;D:\.m2\repository\org\apache\logging\log4j\log4j-to-slf4j\2.11.2\log4j-to-slf4j-2.11.2.jar;D:\.m2\repository\org\apache\logging\log4j\log4j-api\2.11.2\log4j-api-2.11.2.jar;D:\.m2\repository\org\slf4j\jul-to-slf4j\1.7.25\jul-to-slf4j-1.7.25.jar;D:\.m2\repository\javax\annotation\javax.annotation-api\1.3.2\javax.annotation-api-1.3.2.jar;D:\.m2\repository\org\yaml\snakeyaml\1.23\snakeyaml-1.23.jar;D:\.m2\repository\org\springframework\boot\spring-boot-starter-json\2.1.3.RELEASE\spring-boot-starter-json-2.1.3.RELEASE.jar;D:\.m2\repository\com\fasterxml\jackson\core\jackson-databind\2.9.8\jackson-databind-2.9.8.jar;D:\.m2\repository\com\fasterxml\jackson\core\jackson-core\2.9.8\jackson-core-2.9.8.jar;D:\.m2\repository\com\fasterxml\jackson\datatype\jackson-datatype-jdk8\2.9.8\jackson-datatype-jdk8-2.9.8.jar;D:\.m2\repository\com\fasterxml\jackson\datatype\jackson-datatype-jsr310\2.9.8\jackson-datatype-jsr310-2.9.8.jar;D:\.m2\repository\com\fasterxml\jackson\module\jackson-module-parameter-names\2.9.8\jackson-module-parameter-names-2.9.8.jar;D:\.m2\repository\org\springframework\boot\spring-boot-starter-tomcat\2.1.3.RELEASE\spring-boot-starter-tomcat-2.1.3.RELEASE.jar;D:\.m2\repository\org\apache\tomcat\embed\tomcat-embed-core\9.0.16\tomcat-embed-core-9.0.16.jar;D:\.m2\repository\org\apache\tomcat\embed\tomcat-embed-el\9.0.16\tomcat-embed-el-9.0.16.jar;D:\.m2\repository\org\apache\tomcat\embed\tomcat-embed-websocket\9.0.16\tomcat-embed-websocket-9.0.16.jar;D:\.m2\repository\org\hibernate\validator\hibernate-validator\6.0.14.Final\hibernate-validator-6.0.14.Final.jar;D:\.m2\repository\javax\validation\validation-api\2.0.1.Final\validation-api-2.0.1.Final.jar;D:\.m2\repository\org\jboss\logging\jboss-logging\3.3.2.Final\jboss-logging-3.3.2.Final.jar;D:\.m2\repository\org\springframework\spring-web\5.1.5.RELEASE\spring-web-5.1.5.RELEASE.jar;D:\.m2\repository\org\springframework\spring-beans\5.1.5.RELEASE\spring-beans-5.1.5.RELEASE.jar;D:\.m2\repository\org\springframework\spring-webmvc\5.1.5.RELEASE\spring-webmvc-5.1.5.RELEASE.jar;D:\.m2\repository\org\springframework\spring-aop\5.1.5.RELEASE\spring-aop-5.1.5.RELEASE.jar;D:\.m2\repository\org\springframework\spring-context\5.1.5.RELEASE\spring-context-5.1.5.RELEASE.jar;D:\.m2\repository\org\springframework\spring-expression\5.1.5.RELEASE\spring-expression-5.1.5.RELEASE.jar;D:\.m2\repository\org\springframework\boot\spring-boot-configuration-processor\2.1.3.RELEASE\spring-boot-configuration-processor-2.1.3.RELEASE.jar;D:\.m2\repository\org\springframework\boot\spring-boot-starter-test\2.1.3.RELEASE\spring-boot-starter-test-2.1.3.RELEASE.jar;D:\.m2\repository\org\springframework\boot\spring-boot-test\2.1.3.RELEASE\spring-boot-test-2.1.3.RELEASE.jar;D:\.m2\repository\org\springframework\boot\spring-boot-test-autoconfigure\2.1.3.RELEASE\spring-boot-test-autoconfigure-2.1.3.RELEASE.jar;D:\.m2\repository\com\jayway\jsonpath\json-path\2.4.0\json-path-2.4.0.jar;D:\.m2\repository\net\minidev\json-smart\2.3\json-smart-2.3.jar;D:\.m2\repository\net\minidev\accessors-smart\1.2\accessors-smart-1.2.jar;D:\.m2\repository\org\ow2\asm\asm\5.0.4\asm-5.0.4.jar;D:\.m2\repository\junit\junit\4.12\junit-4.12.jar;D:\.m2\repository\org\assertj\assertj-core\3.11.1\assertj-core-3.11.1.jar;D:\.m2\repository\org\mockito\mockito-core\2.23.4\mockito-core-2.23.4.jar;D:\.m2\repository\net\bytebuddy\byte-buddy\1.9.10\byte-buddy-1.9.10.jar;D:\.m2\repository\net\bytebuddy\byte-buddy-agent\1.9.10\byte-buddy-agent-1.9.10.jar;D:\.m2\repository\org\objenesis\objenesis\2.6\objenesis-2.6.jar;D:\.m2\repository\org\hamcrest\hamcrest-core\1.3\hamcrest-core-1.3.jar;D:\.m2\repository\org\hamcrest\hamcrest-library\1.3\hamcrest-library-1.3.jar;D:\.m2\repository\org\skyscreamer\jsonassert\1.5.0\jsonassert-1.5.0.jar;D:\.m2\repository\com\vaadin\external\google\android-json\0.0.20131108.vaadin1\android-json-0.0.20131108.vaadin1.jar;D:\.m2\repository\org\springframework\spring-core\5.1.5.RELEASE\spring-core-5.1.5.RELEASE.jar;D:\.m2\repository\org\springframework\spring-jcl\5.1.5.RELEASE\spring-jcl-5.1.5.RELEASE.jar;D:\.m2\repository\org\springframework\spring-test\5.1.5.RELEASE\spring-test-5.1.5.RELEASE.jar;D:\.m2\repository\org\xmlunit\xmlunit-core\2.6.2\xmlunit-core-2.6.2.jar;D:\.m2\repository\org\springframework\boot\spring-boot-starter-jdbc\2.1.3.RELEASE\spring-boot-starter-jdbc-2.1.3.RELEASE.jar;D:\.m2\repository\com\zaxxer\HikariCP\3.2.0\HikariCP-3.2.0.jar;D:\.m2\repository\org\springframework\spring-jdbc\5.1.5.RELEASE\spring-jdbc-5.1.5.RELEASE.jar;D:\.m2\repository\org\springframework\spring-tx\5.1.5.RELEASE\spring-tx-5.1.5.RELEASE.jar;D:\.m2\repository\mysql\mysql-connector-java\5.1.47\mysql-connector-java-5.1.47.jar;D:\.m2\repository\com\alibaba\druid\1.1.13\druid-1.1.13.jar;D:\.m2\repository\org\projectlombok\lombok\1.18.6\lombok-1.18.6.jar;D:\.m2\repository\com\baomidou\mybatis-plus-boot-starter\3.0.6\mybatis-plus-boot-starter-3.0.6.jar;D:\.m2\repository\org\springframework\boot\spring-boot-autoconfigure\2.1.3.RELEASE\spring-boot-autoconfigure-2.1.3.RELEASE.jar;D:\.m2\repository\com\baomidou\mybatis-plus\3.0.6\mybatis-plus-3.0.6.jar;D:\.m2\repository\com\baomidou\mybatis-plus-extension\3.0.6\mybatis-plus-extension-3.0.6.jar;D:\.m2\repository\com\baomidou\mybatis-plus-core\3.0.6\mybatis-plus-core-3.0.6.jar;D:\.m2\repository\com\baomidou\mybatis-plus-annotation\3.0.6\mybatis-plus-annotation-3.0.6.jar;D:\.m2\repository\com\github\jsqlparser\jsqlparser\1.2\jsqlparser-1.2.jar;D:\.m2\repository\org\mybatis\mybatis-spring\1.3.2\mybatis-spring-1.3.2.jar;D:\.m2\repository\org\mybatis\mybatis\3.4.6\mybatis-3.4.6.jar;D:\.m2\repository\com\baomidou\mybatis-plus-generator\3.0.6\mybatis-plus-generator-3.0.6.jar;D:\.m2\repository\io\springfox\springfox-swagger2\2.9.2\springfox-swagger2-2.9.2.jar;D:\.m2\repository\io\swagger\swagger-annotations\1.5.20\swagger-annotations-1.5.20.jar;D:\.m2\repository\io\swagger\swagger-models\1.5.20\swagger-models-1.5.20.jar;D:\.m2\repository\com\fasterxml\jackson\core\jackson-annotations\2.9.0\jackson-annotations-2.9.0.jar;D:\.m2\repository\io\springfox\springfox-spi\2.9.2\springfox-spi-2.9.2.jar;D:\.m2\repository\io\springfox\springfox-core\2.9.2\springfox-core-2.9.2.jar;D:\.m2\repository\io\springfox\springfox-schema\2.9.2\springfox-schema-2.9.2.jar;D:\.m2\repository\io\springfox\springfox-swagger-common\2.9.2\springfox-swagger-common-2.9.2.jar;D:\.m2\repository\io\springfox\springfox-spring-web\2.9.2\springfox-spring-web-2.9.2.jar;D:\.m2\repository\com\google\guava\guava\20.0\guava-20.0.jar;D:\.m2\repository\com\fasterxml\classmate\1.4.0\classmate-1.4.0.jar;D:\.m2\repository\org\slf4j\slf4j-api\1.7.25\slf4j-api-1.7.25.jar;D:\.m2\repository\org\springframework\plugin\spring-plugin-core\1.2.0.RELEASE\spring-plugin-core-1.2.0.RELEASE.jar;D:\.m2\repository\org\springframework\plugin\spring-plugin-metadata\1.2.0.RELEASE\spring-plugin-metadata-1.2.0.RELEASE.jar;D:\.m2\repository\org\mapstruct\mapstruct\1.2.0.Final\mapstruct-1.2.0.Final.jar;D:\.m2\repository\io\springfox\springfox-swagger-ui\2.9.2\springfox-swagger-ui-2.9.2.jar;D:\.m2\repository\org\flowable\flowable-spring-boot-starter\6.3.0\flowable-spring-boot-starter-6.3.0.jar;D:\.m2\repository\org\flowable\flowable-spring-boot-autoconfigure\6.3.0\flowable-spring-boot-autoconfigure-6.3.0.jar;D:\.m2\repository\org\flowable\flowable-spring-boot-starter-process\6.3.0\flowable-spring-boot-starter-process-6.3.0.jar;D:\.m2\repository\org\flowable\flowable-engine\6.3.0\flowable-engine-6.3.0.jar;D:\.m2\repository\org\flowable\flowable-bpmn-converter\6.3.0\flowable-bpmn-converter-6.3.0.jar;D:\.m2\repository\org\flowable\flowable-bpmn-model\6.3.0\flowable-bpmn-model-6.3.0.jar;D:\.m2\repository\org\flowable\flowable-process-validation\6.3.0\flowable-process-validation-6.3.0.jar;D:\.m2\repository\org\flowable\flowable-image-generator\6.3.0\flowable-image-generator-6.3.0.jar;D:\.m2\repository\org\flowable\flowable-engine-common-api\6.3.0\flowable-engine-common-api-6.3.0.jar;D:\.m2\repository\org\flowable\flowable-engine-common\6.3.0\flowable-engine-common-6.3.0.jar;D:\.m2\repository\org\flowable\flowable-variable-service-api\6.3.0\flowable-variable-service-api-6.3.0.jar;D:\.m2\repository\org\flowable\flowable-variable-service\6.3.0\flowable-variable-service-6.3.0.jar;D:\.m2\repository\org\flowable\flowable-identitylink-service\6.3.0\flowable-identitylink-service-6.3.0.jar;D:\.m2\repository\org\flowable\flowable-identitylink-service-api\6.3.0\flowable-identitylink-service-api-6.3.0.jar;D:\.m2\repository\org\flowable\flowable-task-service\6.3.0\flowable-task-service-6.3.0.jar;D:\.m2\repository\org\flowable\flowable-task-service-api\6.3.0\flowable-task-service-api-6.3.0.jar;D:\.m2\repository\org\flowable\flowable-job-service\6.3.0\flowable-job-service-6.3.0.jar;D:\.m2\repository\org\flowable\flowable-job-service-api\6.3.0\flowable-job-service-api-6.3.0.jar;D:\.m2\repository\org\flowable\flowable-idm-api\6.3.0\flowable-idm-api-6.3.0.jar;D:\.m2\repository\org\flowable\flowable-idm-engine\6.3.0\flowable-idm-engine-6.3.0.jar;D:\.m2\repository\commons-codec\commons-codec\1.11\commons-codec-1.11.jar;D:\.m2\repository\org\flowable\flowable-cmmn-api\6.3.0\flowable-cmmn-api-6.3.0.jar;D:\.m2\repository\org\flowable\flowable-cmmn-model\6.3.0\flowable-cmmn-model-6.3.0.jar;D:\.m2\repository\org\flowable\flowable-dmn-api\6.3.0\flowable-dmn-api-6.3.0.jar;D:\.m2\repository\org\flowable\flowable-form-model\6.3.0\flowable-form-model-6.3.0.jar;D:\.m2\repository\org\flowable\flowable-form-api\6.3.0\flowable-form-api-6.3.0.jar;D:\.m2\repository\org\flowable\flowable-content-api\6.3.0\flowable-content-api-6.3.0.jar;D:\.m2\repository\org\apache\commons\commons-email\1.5\commons-email-1.5.jar;D:\.m2\repository\com\sun\mail\javax.mail\1.6.2\javax.mail-1.6.2.jar;D:\.m2\repository\javax\activation\activation\1.1\activation-1.1.jar;D:\.m2\repository\org\apache\commons\commons-lang3\3.8.1\commons-lang3-3.8.1.jar;D:\.m2\repository\joda-time\joda-time\2.10.1\joda-time-2.10.1.jar;D:\.m2\repository\org\slf4j\jcl-over-slf4j\1.7.25\jcl-over-slf4j-1.7.25.jar;D:\.m2\repository\org\flowable\flowable-spring\6.3.0\flowable-spring-6.3.0.jar;D:\.m2\repository\org\flowable\flowable-idm-spring\6.3.0\flowable-idm-spring-6.3.0.jar;D:\.m2\repository\org\flowable\flowable-spring-common\6.3.0\flowable-spring-common-6.3.0.jar;D:\.m2\repository\org\flowable\flowable-job-spring-service\6.3.0\flowable-job-spring-service-6.3.0.jar;D:\.m2\repository\org\springframework\spring-orm\5.1.5.RELEASE\spring-orm-5.1.5.RELEASE.jar;D:\.m2\repository\org\flowable\flowable-spring-boot-starter-cmmn\6.3.0\flowable-spring-boot-starter-cmmn-6.3.0.jar;D:\.m2\repository\org\flowable\flowable-cmmn-engine\6.3.0\flowable-cmmn-engine-6.3.0.jar;D:\.m2\repository\org\flowable\flowable-cmmn-image-generator\6.3.0\flowable-cmmn-image-generator-6.3.0.jar;D:\.m2\repository\org\flowable\flowable-cmmn-converter\6.3.0\flowable-cmmn-converter-6.3.0.jar;D:\.m2\repository\org\liquibase\liquibase-core\3.6.3\liquibase-core-3.6.3.jar;D:\.m2\repository\com\fasterxml\uuid\java-uuid-generator\3.1.3\java-uuid-generator-3.1.3.jar;D:\.m2\repository\log4j\log4j\1.2.13\log4j-1.2.13.jar;D:\.m2\repository\org\flowable\flowable-cmmn-spring\6.3.0\flowable-cmmn-spring-6.3.0.jar;D:\.m2\repository\org\flowable\flowable-spring-boot-starter-dmn\6.3.0\flowable-spring-boot-starter-dmn-6.3.0.jar;D:\.m2\repository\org\flowable\flowable-dmn-engine\6.3.0\flowable-dmn-engine-6.3.0.jar;D:\.m2\repository\org\flowable\flowable-dmn-model\6.3.0\flowable-dmn-model-6.3.0.jar;D:\.m2\repository\org\flowable\flowable-dmn-xml-converter\6.3.0\flowable-dmn-xml-converter-6.3.0.jar;D:\.m2\repository\commons-io\commons-io\2.6\commons-io-2.6.jar;D:\.m2\repository\commons-logging\commons-logging\1.2\commons-logging-1.2.jar;D:\.m2\repository\org\flowable\flowable-dmn-spring\6.3.0\flowable-dmn-spring-6.3.0.jar;D:\.m2\repository\org\flowable\flowable-cmmn-spring-configurator\6.3.0\flowable-cmmn-spring-configurator-6.3.0.jar;D:\.m2\repository\org\flowable\flowable-cmmn-engine-configurator\6.3.0\flowable-cmmn-engine-configurator-6.3.0.jar;D:\.m2\repository\org\flowable\flowable-dmn-spring-configurator\6.3.0\flowable-dmn-spring-configurator-6.3.0.jar;D:\.m2\repository\org\flowable\flowable-dmn-engine-configurator\6.3.0\flowable-dmn-engine-configurator-6.3.0.jar;D:\.m2\repository\org\flowable\flowable-form-spring-configurator\6.3.0\flowable-form-spring-configurator-6.3.0.jar;D:\.m2\repository\org\flowable\flowable-form-spring\6.3.0\flowable-form-spring-6.3.0.jar;D:\.m2\repository\org\flowable\flowable-form-engine\6.3.0\flowable-form-engine-6.3.0.jar;D:\.m2\repository\org\flowable\flowable-form-json-converter\6.3.0\flowable-form-json-converter-6.3.0.jar;D:\.m2\repository\org\flowable\flowable-form-engine-configurator\6.3.0\flowable-form-engine-configurator-6.3.0.jar;D:\.m2\repository\org\flowable\flowable-content-spring-configurator\6.3.0\flowable-content-spring-configurator-6.3.0.jar;D:\.m2\repository\org\flowable\flowable-content-spring\6.3.0\flowable-content-spring-6.3.0.jar;D:\.m2\repository\org\flowable\flowable-content-engine\6.3.0\flowable-content-engine-6.3.0.jar;D:\.m2\repository\org\flowable\flowable-content-engine-configurator\6.3.0\flowable-content-engine-configurator-6.3.0.jar;"/>
    <property name="java.vm.vendor" value="Oracle Corporation"/>
    <property name="sun.arch.data.model" value="64"/>
    <property name="user.variant" value=""/>
    <property name="java.vendor.url" value="http://java.oracle.com/"/>
    <property name="user.timezone" value="Asia/Shanghai"/>
    <property name="java.vm.specification.version" value="1.8"/>
    <property name="os.name" value="Windows 8.1"/>
    <property name="user.country" value="CN"/>
    <property name="sun.java.launcher" value="SUN_STANDARD"/>
    <property name="sun.boot.library.path" value="D:\Program Files\Java\jdk1.8.0_05\jre\bin"/>
    <property name="sun.java.command" value="C:\Users\ADMINI~1\AppData\Local\Temp\surefire8085421989805077223\surefirebooter5951815778557484993.jar C:\Users\Administrator\AppData\Local\Temp\surefire8085421989805077223 2019-05-06T18-32-12_004-jvmRun1 surefire1750155330683133128tmp surefire_02293237404048824496tmp"/>
    <property name="surefire.test.class.path" value="D:\Downloads\study\boot-demo\boot-flowable\target\test-classes;D:\Downloads\study\boot-demo\boot-flowable\target\classes;D:\.m2\repository\org\springframework\boot\spring-boot-starter-web\2.1.3.RELEASE\spring-boot-starter-web-2.1.3.RELEASE.jar;D:\.m2\repository\org\springframework\boot\spring-boot-starter\2.1.3.RELEASE\spring-boot-starter-2.1.3.RELEASE.jar;D:\.m2\repository\org\springframework\boot\spring-boot\2.1.3.RELEASE\spring-boot-2.1.3.RELEASE.jar;D:\.m2\repository\org\springframework\boot\spring-boot-starter-logging\2.1.3.RELEASE\spring-boot-starter-logging-2.1.3.RELEASE.jar;D:\.m2\repository\ch\qos\logback\logback-classic\1.2.3\logback-classic-1.2.3.jar;D:\.m2\repository\ch\qos\logback\logback-core\1.2.3\logback-core-1.2.3.jar;D:\.m2\repository\org\apache\logging\log4j\log4j-to-slf4j\2.11.2\log4j-to-slf4j-2.11.2.jar;D:\.m2\repository\org\apache\logging\log4j\log4j-api\2.11.2\log4j-api-2.11.2.jar;D:\.m2\repository\org\slf4j\jul-to-slf4j\1.7.25\jul-to-slf4j-1.7.25.jar;D:\.m2\repository\javax\annotation\javax.annotation-api\1.3.2\javax.annotation-api-1.3.2.jar;D:\.m2\repository\org\yaml\snakeyaml\1.23\snakeyaml-1.23.jar;D:\.m2\repository\org\springframework\boot\spring-boot-starter-json\2.1.3.RELEASE\spring-boot-starter-json-2.1.3.RELEASE.jar;D:\.m2\repository\com\fasterxml\jackson\core\jackson-databind\2.9.8\jackson-databind-2.9.8.jar;D:\.m2\repository\com\fasterxml\jackson\core\jackson-core\2.9.8\jackson-core-2.9.8.jar;D:\.m2\repository\com\fasterxml\jackson\datatype\jackson-datatype-jdk8\2.9.8\jackson-datatype-jdk8-2.9.8.jar;D:\.m2\repository\com\fasterxml\jackson\datatype\jackson-datatype-jsr310\2.9.8\jackson-datatype-jsr310-2.9.8.jar;D:\.m2\repository\com\fasterxml\jackson\module\jackson-module-parameter-names\2.9.8\jackson-module-parameter-names-2.9.8.jar;D:\.m2\repository\org\springframework\boot\spring-boot-starter-tomcat\2.1.3.RELEASE\spring-boot-starter-tomcat-2.1.3.RELEASE.jar;D:\.m2\repository\org\apache\tomcat\embed\tomcat-embed-core\9.0.16\tomcat-embed-core-9.0.16.jar;D:\.m2\repository\org\apache\tomcat\embed\tomcat-embed-el\9.0.16\tomcat-embed-el-9.0.16.jar;D:\.m2\repository\org\apache\tomcat\embed\tomcat-embed-websocket\9.0.16\tomcat-embed-websocket-9.0.16.jar;D:\.m2\repository\org\hibernate\validator\hibernate-validator\6.0.14.Final\hibernate-validator-6.0.14.Final.jar;D:\.m2\repository\javax\validation\validation-api\2.0.1.Final\validation-api-2.0.1.Final.jar;D:\.m2\repository\org\jboss\logging\jboss-logging\3.3.2.Final\jboss-logging-3.3.2.Final.jar;D:\.m2\repository\org\springframework\spring-web\5.1.5.RELEASE\spring-web-5.1.5.RELEASE.jar;D:\.m2\repository\org\springframework\spring-beans\5.1.5.RELEASE\spring-beans-5.1.5.RELEASE.jar;D:\.m2\repository\org\springframework\spring-webmvc\5.1.5.RELEASE\spring-webmvc-5.1.5.RELEASE.jar;D:\.m2\repository\org\springframework\spring-aop\5.1.5.RELEASE\spring-aop-5.1.5.RELEASE.jar;D:\.m2\repository\org\springframework\spring-context\5.1.5.RELEASE\spring-context-5.1.5.RELEASE.jar;D:\.m2\repository\org\springframework\spring-expression\5.1.5.RELEASE\spring-expression-5.1.5.RELEASE.jar;D:\.m2\repository\org\springframework\boot\spring-boot-configuration-processor\2.1.3.RELEASE\spring-boot-configuration-processor-2.1.3.RELEASE.jar;D:\.m2\repository\org\springframework\boot\spring-boot-starter-test\2.1.3.RELEASE\spring-boot-starter-test-2.1.3.RELEASE.jar;D:\.m2\repository\org\springframework\boot\spring-boot-test\2.1.3.RELEASE\spring-boot-test-2.1.3.RELEASE.jar;D:\.m2\repository\org\springframework\boot\spring-boot-test-autoconfigure\2.1.3.RELEASE\spring-boot-test-autoconfigure-2.1.3.RELEASE.jar;D:\.m2\repository\com\jayway\jsonpath\json-path\2.4.0\json-path-2.4.0.jar;D:\.m2\repository\net\minidev\json-smart\2.3\json-smart-2.3.jar;D:\.m2\repository\net\minidev\accessors-smart\1.2\accessors-smart-1.2.jar;D:\.m2\repository\org\ow2\asm\asm\5.0.4\asm-5.0.4.jar;D:\.m2\repository\junit\junit\4.12\junit-4.12.jar;D:\.m2\repository\org\assertj\assertj-core\3.11.1\assertj-core-3.11.1.jar;D:\.m2\repository\org\mockito\mockito-core\2.23.4\mockito-core-2.23.4.jar;D:\.m2\repository\net\bytebuddy\byte-buddy\1.9.10\byte-buddy-1.9.10.jar;D:\.m2\repository\net\bytebuddy\byte-buddy-agent\1.9.10\byte-buddy-agent-1.9.10.jar;D:\.m2\repository\org\objenesis\objenesis\2.6\objenesis-2.6.jar;D:\.m2\repository\org\hamcrest\hamcrest-core\1.3\hamcrest-core-1.3.jar;D:\.m2\repository\org\hamcrest\hamcrest-library\1.3\hamcrest-library-1.3.jar;D:\.m2\repository\org\skyscreamer\jsonassert\1.5.0\jsonassert-1.5.0.jar;D:\.m2\repository\com\vaadin\external\google\android-json\0.0.20131108.vaadin1\android-json-0.0.20131108.vaadin1.jar;D:\.m2\repository\org\springframework\spring-core\5.1.5.RELEASE\spring-core-5.1.5.RELEASE.jar;D:\.m2\repository\org\springframework\spring-jcl\5.1.5.RELEASE\spring-jcl-5.1.5.RELEASE.jar;D:\.m2\repository\org\springframework\spring-test\5.1.5.RELEASE\spring-test-5.1.5.RELEASE.jar;D:\.m2\repository\org\xmlunit\xmlunit-core\2.6.2\xmlunit-core-2.6.2.jar;D:\.m2\repository\org\springframework\boot\spring-boot-starter-jdbc\2.1.3.RELEASE\spring-boot-starter-jdbc-2.1.3.RELEASE.jar;D:\.m2\repository\com\zaxxer\HikariCP\3.2.0\HikariCP-3.2.0.jar;D:\.m2\repository\org\springframework\spring-jdbc\5.1.5.RELEASE\spring-jdbc-5.1.5.RELEASE.jar;D:\.m2\repository\org\springframework\spring-tx\5.1.5.RELEASE\spring-tx-5.1.5.RELEASE.jar;D:\.m2\repository\mysql\mysql-connector-java\5.1.47\mysql-connector-java-5.1.47.jar;D:\.m2\repository\com\alibaba\druid\1.1.13\druid-1.1.13.jar;D:\.m2\repository\org\projectlombok\lombok\1.18.6\lombok-1.18.6.jar;D:\.m2\repository\com\baomidou\mybatis-plus-boot-starter\3.0.6\mybatis-plus-boot-starter-3.0.6.jar;D:\.m2\repository\org\springframework\boot\spring-boot-autoconfigure\2.1.3.RELEASE\spring-boot-autoconfigure-2.1.3.RELEASE.jar;D:\.m2\repository\com\baomidou\mybatis-plus\3.0.6\mybatis-plus-3.0.6.jar;D:\.m2\repository\com\baomidou\mybatis-plus-extension\3.0.6\mybatis-plus-extension-3.0.6.jar;D:\.m2\repository\com\baomidou\mybatis-plus-core\3.0.6\mybatis-plus-core-3.0.6.jar;D:\.m2\repository\com\baomidou\mybatis-plus-annotation\3.0.6\mybatis-plus-annotation-3.0.6.jar;D:\.m2\repository\com\github\jsqlparser\jsqlparser\1.2\jsqlparser-1.2.jar;D:\.m2\repository\org\mybatis\mybatis-spring\1.3.2\mybatis-spring-1.3.2.jar;D:\.m2\repository\org\mybatis\mybatis\3.4.6\mybatis-3.4.6.jar;D:\.m2\repository\com\baomidou\mybatis-plus-generator\3.0.6\mybatis-plus-generator-3.0.6.jar;D:\.m2\repository\io\springfox\springfox-swagger2\2.9.2\springfox-swagger2-2.9.2.jar;D:\.m2\repository\io\swagger\swagger-annotations\1.5.20\swagger-annotations-1.5.20.jar;D:\.m2\repository\io\swagger\swagger-models\1.5.20\swagger-models-1.5.20.jar;D:\.m2\repository\com\fasterxml\jackson\core\jackson-annotations\2.9.0\jackson-annotations-2.9.0.jar;D:\.m2\repository\io\springfox\springfox-spi\2.9.2\springfox-spi-2.9.2.jar;D:\.m2\repository\io\springfox\springfox-core\2.9.2\springfox-core-2.9.2.jar;D:\.m2\repository\io\springfox\springfox-schema\2.9.2\springfox-schema-2.9.2.jar;D:\.m2\repository\io\springfox\springfox-swagger-common\2.9.2\springfox-swagger-common-2.9.2.jar;D:\.m2\repository\io\springfox\springfox-spring-web\2.9.2\springfox-spring-web-2.9.2.jar;D:\.m2\repository\com\google\guava\guava\20.0\guava-20.0.jar;D:\.m2\repository\com\fasterxml\classmate\1.4.0\classmate-1.4.0.jar;D:\.m2\repository\org\slf4j\slf4j-api\1.7.25\slf4j-api-1.7.25.jar;D:\.m2\repository\org\springframework\plugin\spring-plugin-core\1.2.0.RELEASE\spring-plugin-core-1.2.0.RELEASE.jar;D:\.m2\repository\org\springframework\plugin\spring-plugin-metadata\1.2.0.RELEASE\spring-plugin-metadata-1.2.0.RELEASE.jar;D:\.m2\repository\org\mapstruct\mapstruct\1.2.0.Final\mapstruct-1.2.0.Final.jar;D:\.m2\repository\io\springfox\springfox-swagger-ui\2.9.2\springfox-swagger-ui-2.9.2.jar;D:\.m2\repository\org\flowable\flowable-spring-boot-starter\6.3.0\flowable-spring-boot-starter-6.3.0.jar;D:\.m2\repository\org\flowable\flowable-spring-boot-autoconfigure\6.3.0\flowable-spring-boot-autoconfigure-6.3.0.jar;D:\.m2\repository\org\flowable\flowable-spring-boot-starter-process\6.3.0\flowable-spring-boot-starter-process-6.3.0.jar;D:\.m2\repository\org\flowable\flowable-engine\6.3.0\flowable-engine-6.3.0.jar;D:\.m2\repository\org\flowable\flowable-bpmn-converter\6.3.0\flowable-bpmn-converter-6.3.0.jar;D:\.m2\repository\org\flowable\flowable-bpmn-model\6.3.0\flowable-bpmn-model-6.3.0.jar;D:\.m2\repository\org\flowable\flowable-process-validation\6.3.0\flowable-process-validation-6.3.0.jar;D:\.m2\repository\org\flowable\flowable-image-generator\6.3.0\flowable-image-generator-6.3.0.jar;D:\.m2\repository\org\flowable\flowable-engine-common-api\6.3.0\flowable-engine-common-api-6.3.0.jar;D:\.m2\repository\org\flowable\flowable-engine-common\6.3.0\flowable-engine-common-6.3.0.jar;D:\.m2\repository\org\flowable\flowable-variable-service-api\6.3.0\flowable-variable-service-api-6.3.0.jar;D:\.m2\repository\org\flowable\flowable-variable-service\6.3.0\flowable-variable-service-6.3.0.jar;D:\.m2\repository\org\flowable\flowable-identitylink-service\6.3.0\flowable-identitylink-service-6.3.0.jar;D:\.m2\repository\org\flowable\flowable-identitylink-service-api\6.3.0\flowable-identitylink-service-api-6.3.0.jar;D:\.m2\repository\org\flowable\flowable-task-service\6.3.0\flowable-task-service-6.3.0.jar;D:\.m2\repository\org\flowable\flowable-task-service-api\6.3.0\flowable-task-service-api-6.3.0.jar;D:\.m2\repository\org\flowable\flowable-job-service\6.3.0\flowable-job-service-6.3.0.jar;D:\.m2\repository\org\flowable\flowable-job-service-api\6.3.0\flowable-job-service-api-6.3.0.jar;D:\.m2\repository\org\flowable\flowable-idm-api\6.3.0\flowable-idm-api-6.3.0.jar;D:\.m2\repository\org\flowable\flowable-idm-engine\6.3.0\flowable-idm-engine-6.3.0.jar;D:\.m2\repository\commons-codec\commons-codec\1.11\commons-codec-1.11.jar;D:\.m2\repository\org\flowable\flowable-cmmn-api\6.3.0\flowable-cmmn-api-6.3.0.jar;D:\.m2\repository\org\flowable\flowable-cmmn-model\6.3.0\flowable-cmmn-model-6.3.0.jar;D:\.m2\repository\org\flowable\flowable-dmn-api\6.3.0\flowable-dmn-api-6.3.0.jar;D:\.m2\repository\org\flowable\flowable-form-model\6.3.0\flowable-form-model-6.3.0.jar;D:\.m2\repository\org\flowable\flowable-form-api\6.3.0\flowable-form-api-6.3.0.jar;D:\.m2\repository\org\flowable\flowable-content-api\6.3.0\flowable-content-api-6.3.0.jar;D:\.m2\repository\org\apache\commons\commons-email\1.5\commons-email-1.5.jar;D:\.m2\repository\com\sun\mail\javax.mail\1.6.2\javax.mail-1.6.2.jar;D:\.m2\repository\javax\activation\activation\1.1\activation-1.1.jar;D:\.m2\repository\org\apache\commons\commons-lang3\3.8.1\commons-lang3-3.8.1.jar;D:\.m2\repository\joda-time\joda-time\2.10.1\joda-time-2.10.1.jar;D:\.m2\repository\org\slf4j\jcl-over-slf4j\1.7.25\jcl-over-slf4j-1.7.25.jar;D:\.m2\repository\org\flowable\flowable-spring\6.3.0\flowable-spring-6.3.0.jar;D:\.m2\repository\org\flowable\flowable-idm-spring\6.3.0\flowable-idm-spring-6.3.0.jar;D:\.m2\repository\org\flowable\flowable-spring-common\6.3.0\flowable-spring-common-6.3.0.jar;D:\.m2\repository\org\flowable\flowable-job-spring-service\6.3.0\flowable-job-spring-service-6.3.0.jar;D:\.m2\repository\org\springframework\spring-orm\5.1.5.RELEASE\spring-orm-5.1.5.RELEASE.jar;D:\.m2\repository\org\flowable\flowable-spring-boot-starter-cmmn\6.3.0\flowable-spring-boot-starter-cmmn-6.3.0.jar;D:\.m2\repository\org\flowable\flowable-cmmn-engine\6.3.0\flowable-cmmn-engine-6.3.0.jar;D:\.m2\repository\org\flowable\flowable-cmmn-image-generator\6.3.0\flowable-cmmn-image-generator-6.3.0.jar;D:\.m2\repository\org\flowable\flowable-cmmn-converter\6.3.0\flowable-cmmn-converter-6.3.0.jar;D:\.m2\repository\org\liquibase\liquibase-core\3.6.3\liquibase-core-3.6.3.jar;D:\.m2\repository\com\fasterxml\uuid\java-uuid-generator\3.1.3\java-uuid-generator-3.1.3.jar;D:\.m2\repository\log4j\log4j\1.2.13\log4j-1.2.13.jar;D:\.m2\repository\org\flowable\flowable-cmmn-spring\6.3.0\flowable-cmmn-spring-6.3.0.jar;D:\.m2\repository\org\flowable\flowable-spring-boot-starter-dmn\6.3.0\flowable-spring-boot-starter-dmn-6.3.0.jar;D:\.m2\repository\org\flowable\flowable-dmn-engine\6.3.0\flowable-dmn-engine-6.3.0.jar;D:\.m2\repository\org\flowable\flowable-dmn-model\6.3.0\flowable-dmn-model-6.3.0.jar;D:\.m2\repository\org\flowable\flowable-dmn-xml-converter\6.3.0\flowable-dmn-xml-converter-6.3.0.jar;D:\.m2\repository\commons-io\commons-io\2.6\commons-io-2.6.jar;D:\.m2\repository\commons-logging\commons-logging\1.2\commons-logging-1.2.jar;D:\.m2\repository\org\flowable\flowable-dmn-spring\6.3.0\flowable-dmn-spring-6.3.0.jar;D:\.m2\repository\org\flowable\flowable-cmmn-spring-configurator\6.3.0\flowable-cmmn-spring-configurator-6.3.0.jar;D:\.m2\repository\org\flowable\flowable-cmmn-engine-configurator\6.3.0\flowable-cmmn-engine-configurator-6.3.0.jar;D:\.m2\repository\org\flowable\flowable-dmn-spring-configurator\6.3.0\flowable-dmn-spring-configurator-6.3.0.jar;D:\.m2\repository\org\flowable\flowable-dmn-engine-configurator\6.3.0\flowable-dmn-engine-configurator-6.3.0.jar;D:\.m2\repository\org\flowable\flowable-form-spring-configurator\6.3.0\flowable-form-spring-configurator-6.3.0.jar;D:\.m2\repository\org\flowable\flowable-form-spring\6.3.0\flowable-form-spring-6.3.0.jar;D:\.m2\repository\org\flowable\flowable-form-engine\6.3.0\flowable-form-engine-6.3.0.jar;D:\.m2\repository\org\flowable\flowable-form-json-converter\6.3.0\flowable-form-json-converter-6.3.0.jar;D:\.m2\repository\org\flowable\flowable-form-engine-configurator\6.3.0\flowable-form-engine-configurator-6.3.0.jar;D:\.m2\repository\org\flowable\flowable-content-spring-configurator\6.3.0\flowable-content-spring-configurator-6.3.0.jar;D:\.m2\repository\org\flowable\flowable-content-spring\6.3.0\flowable-content-spring-6.3.0.jar;D:\.m2\repository\org\flowable\flowable-content-engine\6.3.0\flowable-content-engine-6.3.0.jar;D:\.m2\repository\org\flowable\flowable-content-engine-configurator\6.3.0\flowable-content-engine-configurator-6.3.0.jar;"/>
    <property name="sun.cpu.endian" value="little"/>
    <property name="user.home" value="C:\Users\Administrator"/>
    <property name="user.language" value="zh"/>
    <property name="java.specification.vendor" value="Oracle Corporation"/>
    <property name="java.home" value="D:\Program Files\Java\jdk1.8.0_05\jre"/>
    <property name="basedir" value="D:\Downloads\study\boot-demo\boot-flowable"/>
    <property name="file.separator" value="\"/>
    <property name="line.separator" value="&#10;"/>
    <property name="java.vm.specification.vendor" value="Oracle Corporation"/>
    <property name="java.specification.name" value="Java Platform API Specification"/>
    <property name="java.awt.graphicsenv" value="sun.awt.Win32GraphicsEnvironment"/>
    <property name="surefire.real.class.path" value="C:\Users\ADMINI~1\AppData\Local\Temp\surefire8085421989805077223\surefirebooter5951815778557484993.jar"/>
    <property name="sun.boot.class.path" value="D:\Program Files\Java\jdk1.8.0_05\jre\lib\resources.jar;D:\Program Files\Java\jdk1.8.0_05\jre\lib\rt.jar;D:\Program Files\Java\jdk1.8.0_05\jre\lib\sunrsasign.jar;D:\Program Files\Java\jdk1.8.0_05\jre\lib\jsse.jar;D:\Program Files\Java\jdk1.8.0_05\jre\lib\jce.jar;D:\Program Files\Java\jdk1.8.0_05\jre\lib\charsets.jar;D:\Program Files\Java\jdk1.8.0_05\jre\lib\jfr.jar;D:\Program Files\Java\jdk1.8.0_05\jre\classes"/>
    <property name="user.script" value=""/>
    <property name="sun.management.compiler" value="HotSpot 64-Bit Tiered Compilers"/>
    <property name="java.runtime.version" value="1.8.0_05-b13"/>
    <property name="user.name" value="Administrator"/>
    <property name="path.separator" value=";"/>
    <property name="os.version" value="6.3"/>
    <property name="java.endorsed.dirs" value="D:\Program Files\Java\jdk1.8.0_05\jre\lib\endorsed"/>
    <property name="java.runtime.name" value="Java(TM) SE Runtime Environment"/>
    <property name="file.encoding" value="GBK"/>
    <property name="java.vm.name" value="Java HotSpot(TM) 64-Bit Server VM"/>
    <property name="localRepository" value="D:\.m2\repository"/>
    <property name="java.vendor.url.bug" value="http://bugreport.sun.com/bugreport/"/>
    <property name="java.io.tmpdir" value="C:\Users\ADMINI~1\AppData\Local\Temp\"/>
    <property name="idea.version" value="2018.3.2"/>
    <property name="java.version" value="1.8.0_05"/>
    <property name="user.dir" value="D:\Downloads\study\boot-demo\boot-flowable"/>
    <property name="os.arch" value="amd64"/>
    <property name="java.vm.specification.name" value="Java Virtual Machine Specification"/>
    <property name="java.awt.printerjob" value="sun.awt.windows.WPrinterJob"/>
    <property name="sun.os.patch.level" value=""/>
    <property name="java.library.path" value="D:\Program Files\Java\jdk1.8.0_05\jre\bin;C:\Windows\Sun\Java\bin;C:\Windows\system32;C:\Windows;C:\Windows\system32;C:\Windows;C:\Windows\System32\Wbem;C:\Windows\System32\WindowsPowerShell\v1.0\;C:\Windows\System32\OpenSSH\;D:\Program Files\Java\jdk1.8.0_05\bin;D:\Program Files\Git\cmd;C:\Users\Administrator\AppData\Local\Microsoft\WindowsApps;D:\Program Files\Bandizip\7z;."/>
    <property name="java.vm.info" value="mixed mode"/>
    <property name="java.vendor" value="Oracle Corporation"/>
    <property name="java.vm.version" value="25.5-b02"/>
    <property name="java.ext.dirs" value="D:\Program Files\Java\jdk1.8.0_05\jre\lib\ext;C:\Windows\Sun\Java\lib\ext"/>
    <property name="sun.io.unicode.encoding" value="UnicodeLittle"/>
    <property name="java.class.version" value="52.0"/>
  </properties>
  <testcase name="contextLoads" classname="com.honghh.bootfirst.BootFirstApplicationTests" time="0.399"/>
</testsuite>